<?xml version="1.0" encoding="UTF-8"?>
<!-- Generated by org.testng.reporters.JUnitReportReporter -->
<testsuite hostname="Helens-Mac-Pro" failures="0" tests="1" name="com.simpleL.mproject.ExpediaDemo" time="25.294" errors="0" timestamp="2022-06-16T19:37:48 AEST" skipped="0">
  <testcase classname="com.simpleL.mproject.ExpediaDemo" name="test" time="25.294"/>
  <system-out/>
</testsuite> <!-- com.simpleL.mproject.ExpediaDemo -->
